<?xml version="1.0" encoding="UTF-8"?>
<robot generator="Robot 5.0.1 (Python 3.9.1 on win32)" generated="20220921 20:05:11.214" rpa="false" schemaversion="3">
<suite id="s1" name="Tests" source="C:\Users\Admin\PycharmProjects\RobotFrmework\Tests">
<suite id="s1-s1" name="testDemo2" source="C:\Users\Admin\PycharmProjects\RobotFrmework\Tests\testDemo2.robot">
<test id="s1-s1-t1" name="Validate Unsuccesful Login" line="13">
<kw name="open the browser with the morgage payment url" library="Resource" type="SETUP">
<kw name="Create Webdriver" library="SeleniumLibrary">
<arg>${browsername}</arg>
<arg>executable_path=Resoursces/${browsername}driver</arg>
<doc>Creates an instance of Selenium WebDriver.</doc>
<msg timestamp="20220921 20:05:11.891" level="INFO">Creating an instance of the Chrome WebDriver.</msg>
<status status="PASS" starttime="20220921 20:05:11.891" endtime="20220921 20:05:18.537"/>
</kw>
<kw name="Go To" library="SeleniumLibrary">
<arg>${Url}</arg>
<doc>Navigates the current browser window to the provided ``url``.</doc>
<msg timestamp="20220921 20:05:18.537" level="INFO">Opening url 'https://www.rahulshettyacademy.com/loginpagePractise/'</msg>
<status status="PASS" starttime="20220921 20:05:18.537" endtime="20220921 20:05:23.257"/>
</kw>
<status status="PASS" starttime="20220921 20:05:11.891" endtime="20220921 20:05:23.257"/>
</kw>
<kw name="Fill the login Form">
<kw name="Input Text" library="SeleniumLibrary">
<arg>id:username</arg>
<arg>varunkv@gmail.com</arg>
<doc>Types the given ``text`` into the text field identified by ``locator``.</doc>
<msg timestamp="20220921 20:05:23.265" level="INFO">Typing text 'varunkv@gmail.com' into text field 'id:username'.</msg>
<status status="PASS" starttime="20220921 20:05:23.257" endtime="20220921 20:05:24.673"/>
</kw>
<kw name="Input Password" library="SeleniumLibrary">
<arg>id:password</arg>
<arg>12345</arg>
<doc>Types the given password into the text field identified by ``locator``.</doc>
<msg timestamp="20220921 20:05:24.673" level="INFO">Typing password into text field 'id:password'.</msg>
<msg timestamp="20220921 20:05:24.833" level="INFO">Temporally setting log level to: NONE</msg>
<msg timestamp="20220921 20:05:24.969" level="INFO">Log level changed from NONE to INFO.</msg>
<status status="PASS" starttime="20220921 20:05:24.673" endtime="20220921 20:05:24.969"/>
</kw>
<kw name="Click Button" library="SeleniumLibrary">
<arg>id:signInBtn</arg>
<doc>Clicks the button identified by ``locator``.</doc>
<msg timestamp="20220921 20:05:24.977" level="INFO">Clicking button 'id:signInBtn'.</msg>
<status status="PASS" starttime="20220921 20:05:24.977" endtime="20220921 20:05:25.409"/>
</kw>
<status status="PASS" starttime="20220921 20:05:23.257" endtime="20220921 20:05:25.409"/>
</kw>
<kw name="wait until it checkd and display error message">
<kw name="Wait Until Element Is Visible" library="SeleniumLibrary">
<arg>${Error_Messgae}</arg>
<doc>Waits until the element ``locator`` is visible.</doc>
<status status="PASS" starttime="20220921 20:05:25.417" endtime="20220921 20:05:27.561"/>
</kw>
<status status="PASS" starttime="20220921 20:05:25.417" endtime="20220921 20:05:27.561"/>
</kw>
<kw name="verify error message is correct">
<kw name="Get Text" library="SeleniumLibrary">
<var>${result}</var>
<arg>css:.alert-danger</arg>
<doc>Returns the text value of the element identified by ``locator``.</doc>
<msg timestamp="20220921 20:05:27.665" level="INFO">${result} = Incorrect username/password.</msg>
<status status="PASS" starttime="20220921 20:05:27.569" endtime="20220921 20:05:27.665"/>
</kw>
<kw name="Should Be Equal As Strings" library="BuiltIn">
<arg>${result}</arg>
<arg>Incorrect username/password.</arg>
<doc>Fails if objects are unequal after converting them to strings.</doc>
<status status="PASS" starttime="20220921 20:05:27.665" endtime="20220921 20:05:27.665"/>
</kw>
<status status="PASS" starttime="20220921 20:05:27.561" endtime="20220921 20:05:27.665"/>
</kw>
<kw name="Close Browser" library="SeleniumLibrary" type="TEARDOWN">
<doc>Closes the current browser.</doc>
<status status="PASS" starttime="20220921 20:05:27.665" endtime="20220921 20:05:35.020"/>
</kw>
<status status="PASS" starttime="20220921 20:05:11.883" endtime="20220921 20:05:35.020"/>
</test>
<doc>To validate the Login form</doc>
<status status="PASS" starttime="20220921 20:05:11.302" endtime="20220921 20:05:35.020"/>
</suite>
<status status="PASS" starttime="20220921 20:05:11.246" endtime="20220921 20:05:35.028"/>
</suite>
<statistics>
<total>
<stat pass="1" fail="0" skip="0">All Tests</stat>
</total>
<tag>
</tag>
<suite>
<stat pass="1" fail="0" skip="0" id="s1" name="Tests">Tests</stat>
<stat pass="1" fail="0" skip="0" id="s1-s1" name="testDemo2">Tests.testDemo2</stat>
</suite>
</statistics>
<errors>
</errors>
</robot>
